CRITICAL - 2023-06-14 21:37:25 --> Undefined variable $unidades
in APPPATH\Views\productos\nuevo.php on line 37.
 1 APPPATH\Views\productos\nuevo.php(37): CodeIgniter\Debug\Exceptions->errorHandler(2, 'Undefined variable $unidades', 'C:\\xampp\\htdocs\\pos\\app\\Views\\productos\\nuevo.php', 37)
 2 SYSTEMPATH\View\View.php(213): include('C:\\xampp\\htdocs\\pos\\app\\Views\\productos\\nuevo.php')
 3 SYSTEMPATH\View\View.php(216): CodeIgniter\View\View->CodeIgniter\View\{closure}()
 4 SYSTEMPATH\Common.php(1184): CodeIgniter\View\View->render('productos/nuevo', [], true)
 5 APPPATH\Controllers\Clientes.php(40): view('productos/nuevo', [...])
 6 SYSTEMPATH\CodeIgniter.php(934): App\Controllers\Clientes->getNuevo()
 7 SYSTEMPATH\CodeIgniter.php(499): CodeIgniter\CodeIgniter->runController(Object(App\Controllers\Clientes))
 8 SYSTEMPATH\CodeIgniter.php(368): CodeIgniter\CodeIgniter->handleRequest(null, Object(Config\Cache), false)
 9 FCPATH\index.php(67): CodeIgniter\CodeIgniter->run()
CRITICAL - 2023-06-14 21:38:24 --> Undefined variable $unidades
in APPPATH\Views\productos\nuevo.php on line 37.
 1 APPPATH\Views\productos\nuevo.php(37): CodeIgniter\Debug\Exceptions->errorHandler(2, 'Undefined variable $unidades', 'C:\\xampp\\htdocs\\pos\\app\\Views\\productos\\nuevo.php', 37)
 2 SYSTEMPATH\View\View.php(213): include('C:\\xampp\\htdocs\\pos\\app\\Views\\productos\\nuevo.php')
 3 SYSTEMPATH\View\View.php(216): CodeIgniter\View\View->CodeIgniter\View\{closure}()
 4 SYSTEMPATH\Common.php(1184): CodeIgniter\View\View->render('productos/nuevo', [], true)
 5 APPPATH\Controllers\Clientes.php(40): view('productos/nuevo', [...])
 6 SYSTEMPATH\CodeIgniter.php(934): App\Controllers\Clientes->getNuevo()
 7 SYSTEMPATH\CodeIgniter.php(499): CodeIgniter\CodeIgniter->runController(Object(App\Controllers\Clientes))
 8 SYSTEMPATH\CodeIgniter.php(368): CodeIgniter\CodeIgniter->handleRequest(null, Object(Config\Cache), false)
 9 FCPATH\index.php(67): CodeIgniter\CodeIgniter->run()
CRITICAL - 2023-06-14 21:39:20 --> Undefined variable $unidades
in APPPATH\Views\productos\nuevo.php on line 37.
 1 APPPATH\Views\productos\nuevo.php(37): CodeIgniter\Debug\Exceptions->errorHandler(2, 'Undefined variable $unidades', 'C:\\xampp\\htdocs\\pos\\app\\Views\\productos\\nuevo.php', 37)
 2 SYSTEMPATH\View\View.php(213): include('C:\\xampp\\htdocs\\pos\\app\\Views\\productos\\nuevo.php')
 3 SYSTEMPATH\View\View.php(216): CodeIgniter\View\View->CodeIgniter\View\{closure}()
 4 SYSTEMPATH\Common.php(1184): CodeIgniter\View\View->render('productos/nuevo', [], true)
 5 APPPATH\Controllers\Clientes.php(40): view('productos/nuevo', [...])
 6 SYSTEMPATH\CodeIgniter.php(934): App\Controllers\Clientes->getNuevo()
 7 SYSTEMPATH\CodeIgniter.php(499): CodeIgniter\CodeIgniter->runController(Object(App\Controllers\Clientes))
 8 SYSTEMPATH\CodeIgniter.php(368): CodeIgniter\CodeIgniter->handleRequest(null, Object(Config\Cache), false)
 9 FCPATH\index.php(67): CodeIgniter\CodeIgniter->run()
CRITICAL - 2023-06-14 21:40:12 --> Undefined variable $unidades
in APPPATH\Views\productos\nuevo.php on line 37.
 1 APPPATH\Views\productos\nuevo.php(37): CodeIgniter\Debug\Exceptions->errorHandler(2, 'Undefined variable $unidades', 'C:\\xampp\\htdocs\\pos\\app\\Views\\productos\\nuevo.php', 37)
 2 SYSTEMPATH\View\View.php(213): include('C:\\xampp\\htdocs\\pos\\app\\Views\\productos\\nuevo.php')
 3 SYSTEMPATH\View\View.php(216): CodeIgniter\View\View->CodeIgniter\View\{closure}()
 4 SYSTEMPATH\Common.php(1184): CodeIgniter\View\View->render('productos/nuevo', [], true)
 5 APPPATH\Controllers\Clientes.php(40): view('productos/nuevo', [...])
 6 SYSTEMPATH\CodeIgniter.php(934): App\Controllers\Clientes->getNuevo()
 7 SYSTEMPATH\CodeIgniter.php(499): CodeIgniter\CodeIgniter->runController(Object(App\Controllers\Clientes))
 8 SYSTEMPATH\CodeIgniter.php(368): CodeIgniter\CodeIgniter->handleRequest(null, Object(Config\Cache), false)
 9 FCPATH\index.php(67): CodeIgniter\CodeIgniter->run()
CRITICAL - 2023-06-14 21:40:38 --> Undefined variable $unidades
in APPPATH\Views\productos\nuevo.php on line 37.
 1 APPPATH\Views\productos\nuevo.php(37): CodeIgniter\Debug\Exceptions->errorHandler(2, 'Undefined variable $unidades', 'C:\\xampp\\htdocs\\pos\\app\\Views\\productos\\nuevo.php', 37)
 2 SYSTEMPATH\View\View.php(213): include('C:\\xampp\\htdocs\\pos\\app\\Views\\productos\\nuevo.php')
 3 SYSTEMPATH\View\View.php(216): CodeIgniter\View\View->CodeIgniter\View\{closure}()
 4 SYSTEMPATH\Common.php(1184): CodeIgniter\View\View->render('productos/nuevo', [], true)
 5 APPPATH\Controllers\Clientes.php(40): view('productos/nuevo', [...])
 6 SYSTEMPATH\CodeIgniter.php(934): App\Controllers\Clientes->getNuevo()
 7 SYSTEMPATH\CodeIgniter.php(499): CodeIgniter\CodeIgniter->runController(Object(App\Controllers\Clientes))
 8 SYSTEMPATH\CodeIgniter.php(368): CodeIgniter\CodeIgniter->handleRequest(null, Object(Config\Cache), false)
 9 FCPATH\index.php(67): CodeIgniter\CodeIgniter->run()
CRITICAL - 2023-06-14 21:41:08 --> Undefined variable $unidades
in APPPATH\Views\productos\nuevo.php on line 37.
 1 APPPATH\Views\productos\nuevo.php(37): CodeIgniter\Debug\Exceptions->errorHandler(2, 'Undefined variable $unidades', 'C:\\xampp\\htdocs\\pos\\app\\Views\\productos\\nuevo.php', 37)
 2 SYSTEMPATH\View\View.php(213): include('C:\\xampp\\htdocs\\pos\\app\\Views\\productos\\nuevo.php')
 3 SYSTEMPATH\View\View.php(216): CodeIgniter\View\View->CodeIgniter\View\{closure}()
 4 SYSTEMPATH\Common.php(1184): CodeIgniter\View\View->render('productos/nuevo', [], true)
 5 APPPATH\Controllers\Clientes.php(40): view('productos/nuevo', [...])
 6 SYSTEMPATH\CodeIgniter.php(934): App\Controllers\Clientes->getNuevo()
 7 SYSTEMPATH\CodeIgniter.php(499): CodeIgniter\CodeIgniter->runController(Object(App\Controllers\Clientes))
 8 SYSTEMPATH\CodeIgniter.php(368): CodeIgniter\CodeIgniter->handleRequest(null, Object(Config\Cache), false)
 9 FCPATH\index.php(67): CodeIgniter\CodeIgniter->run()
CRITICAL - 2023-06-14 21:43:11 --> Undefined variable $unidades
in APPPATH\Views\productos\nuevo.php on line 37.
 1 APPPATH\Views\productos\nuevo.php(37): CodeIgniter\Debug\Exceptions->errorHandler(2, 'Undefined variable $unidades', 'C:\\xampp\\htdocs\\pos\\app\\Views\\productos\\nuevo.php', 37)
 2 SYSTEMPATH\View\View.php(213): include('C:\\xampp\\htdocs\\pos\\app\\Views\\productos\\nuevo.php')
 3 SYSTEMPATH\View\View.php(216): CodeIgniter\View\View->CodeIgniter\View\{closure}()
 4 SYSTEMPATH\Common.php(1184): CodeIgniter\View\View->render('productos/nuevo', [], true)
 5 APPPATH\Controllers\Clientes.php(40): view('productos/nuevo', [...])
 6 SYSTEMPATH\CodeIgniter.php(934): App\Controllers\Clientes->getNuevo()
 7 SYSTEMPATH\CodeIgniter.php(499): CodeIgniter\CodeIgniter->runController(Object(App\Controllers\Clientes))
 8 SYSTEMPATH\CodeIgniter.php(368): CodeIgniter\CodeIgniter->handleRequest(null, Object(Config\Cache), false)
 9 FCPATH\index.php(67): CodeIgniter\CodeIgniter->run()
ERROR - 2023-06-14 21:55:21 --> mysqli_sql_exception: Column 'activo' cannot be null in C:\xampp\htdocs\pos\system\Database\MySQLi\Connection.php:295
Stack trace:
#0 C:\xampp\htdocs\pos\system\Database\MySQLi\Connection.php(295): mysqli->query('INSERT INTO `cl...', 0)
#1 C:\xampp\htdocs\pos\system\Database\BaseConnection.php(692): CodeIgniter\Database\MySQLi\Connection->execute('INSERT INTO `cl...')
#2 C:\xampp\htdocs\pos\system\Database\BaseConnection.php(606): CodeIgniter\Database\BaseConnection->simpleQuery('INSERT INTO `cl...')
#3 C:\xampp\htdocs\pos\system\Database\BaseBuilder.php(2309): CodeIgniter\Database\BaseConnection->query('INSERT INTO `cl...', Array, false)
#4 C:\xampp\htdocs\pos\system\Model.php(330): CodeIgniter\Database\BaseBuilder->insert()
#5 C:\xampp\htdocs\pos\system\BaseModel.php(782): CodeIgniter\Model->doInsert(Array)
#6 C:\xampp\htdocs\pos\system\Model.php(730): CodeIgniter\BaseModel->insert(Array, false)
#7 C:\xampp\htdocs\pos\system\BaseModel.php(692): CodeIgniter\Model->insert(Array, false)
#8 C:\xampp\htdocs\pos\app\Controllers\Clientes.php(50): CodeIgniter\BaseModel->save(Array)
#9 C:\xampp\htdocs\pos\system\CodeIgniter.php(934): App\Controllers\Clientes->postInsertar()
#10 C:\xampp\htdocs\pos\system\CodeIgniter.php(499): CodeIgniter\CodeIgniter->runController(Object(App\Controllers\Clientes))
#11 C:\xampp\htdocs\pos\system\CodeIgniter.php(368): CodeIgniter\CodeIgniter->handleRequest(NULL, Object(Config\Cache), false)
#12 C:\xampp\htdocs\pos\public\index.php(67): CodeIgniter\CodeIgniter->run()
#13 {main}
CRITICAL - 2023-06-14 21:55:21 --> Column 'activo' cannot be null
in SYSTEMPATH\Database\MySQLi\Connection.php on line 295.
 1 SYSTEMPATH\Database\MySQLi\Connection.php(295): mysqli->query('INSERT INTO `clientes` (`nombre`, `direccion`, `telefono`, `email`, `activo`, `fecha_alta`, `fecha_edit`) VALUES (\'Jose Luis Rodriguez\', \'Las Rozas, 21\', \'659795230\', \'luis@gmail.com\', NULL, \'2023-06-14 21:55:21\', \'2023-06-14 21:55:21\')', 0)
 2 SYSTEMPATH\Database\BaseConnection.php(692): CodeIgniter\Database\MySQLi\Connection->execute('INSERT INTO `clientes` (`nombre`, `direccion`, `telefono`, `email`, `activo`, `fecha_alta`, `fecha_edit`) VALUES (\'Jose Luis Rodriguez\', \'Las Rozas, 21\', \'659795230\', \'luis@gmail.com\', NULL, \'2023-06-14 21:55:21\', \'2023-06-14 21:55:21\')')
 3 SYSTEMPATH\Database\BaseConnection.php(606): CodeIgniter\Database\BaseConnection->simpleQuery('INSERT INTO `clientes` (`nombre`, `direccion`, `telefono`, `email`, `activo`, `fecha_alta`, `fecha_edit`) VALUES (\'Jose Luis Rodriguez\', \'Las Rozas, 21\', \'659795230\', \'luis@gmail.com\', NULL, \'2023-06-14 21:55:21\', \'2023-06-14 21:55:21\')')
 4 SYSTEMPATH\Database\BaseBuilder.php(2309): CodeIgniter\Database\BaseConnection->query('INSERT INTO `clientes` (`nombre`, `direccion`, `telefono`, `email`, `activo`, `fecha_alta`, `fecha_edit`) VALUES (:nombre:, :direccion:, :telefono:, :email:, :activo:, :fecha_alta:, :fecha_edit:)', [...], false)
 5 SYSTEMPATH\Model.php(330): CodeIgniter\Database\BaseBuilder->insert()
 6 SYSTEMPATH\BaseModel.php(782): CodeIgniter\Model->doInsert([...])
 7 SYSTEMPATH\Model.php(730): CodeIgniter\BaseModel->insert([...], false)
 8 SYSTEMPATH\BaseModel.php(692): CodeIgniter\Model->insert([...], false)
 9 APPPATH\Controllers\Clientes.php(50): CodeIgniter\BaseModel->save([...])
10 SYSTEMPATH\CodeIgniter.php(934): App\Controllers\Clientes->postInsertar()
11 SYSTEMPATH\CodeIgniter.php(499): CodeIgniter\CodeIgniter->runController(Object(App\Controllers\Clientes))
12 SYSTEMPATH\CodeIgniter.php(368): CodeIgniter\CodeIgniter->handleRequest(null, Object(Config\Cache), false)
13 FCPATH\index.php(67): CodeIgniter\CodeIgniter->run()
ERROR - 2023-06-14 21:56:52 --> mysqli_sql_exception: Column 'activo' cannot be null in C:\xampp\htdocs\pos\system\Database\MySQLi\Connection.php:295
Stack trace:
#0 C:\xampp\htdocs\pos\system\Database\MySQLi\Connection.php(295): mysqli->query('INSERT INTO `cl...', 0)
#1 C:\xampp\htdocs\pos\system\Database\BaseConnection.php(692): CodeIgniter\Database\MySQLi\Connection->execute('INSERT INTO `cl...')
#2 C:\xampp\htdocs\pos\system\Database\BaseConnection.php(606): CodeIgniter\Database\BaseConnection->simpleQuery('INSERT INTO `cl...')
#3 C:\xampp\htdocs\pos\system\Database\BaseBuilder.php(2309): CodeIgniter\Database\BaseConnection->query('INSERT INTO `cl...', Array, false)
#4 C:\xampp\htdocs\pos\system\Model.php(330): CodeIgniter\Database\BaseBuilder->insert()
#5 C:\xampp\htdocs\pos\system\BaseModel.php(782): CodeIgniter\Model->doInsert(Array)
#6 C:\xampp\htdocs\pos\system\Model.php(730): CodeIgniter\BaseModel->insert(Array, false)
#7 C:\xampp\htdocs\pos\system\BaseModel.php(692): CodeIgniter\Model->insert(Array, false)
#8 C:\xampp\htdocs\pos\app\Controllers\Clientes.php(50): CodeIgniter\BaseModel->save(Array)
#9 C:\xampp\htdocs\pos\system\CodeIgniter.php(934): App\Controllers\Clientes->postInsertar()
#10 C:\xampp\htdocs\pos\system\CodeIgniter.php(499): CodeIgniter\CodeIgniter->runController(Object(App\Controllers\Clientes))
#11 C:\xampp\htdocs\pos\system\CodeIgniter.php(368): CodeIgniter\CodeIgniter->handleRequest(NULL, Object(Config\Cache), false)
#12 C:\xampp\htdocs\pos\public\index.php(67): CodeIgniter\CodeIgniter->run()
#13 {main}
CRITICAL - 2023-06-14 21:56:52 --> Column 'activo' cannot be null
in SYSTEMPATH\Database\MySQLi\Connection.php on line 295.
 1 SYSTEMPATH\Database\MySQLi\Connection.php(295): mysqli->query('INSERT INTO `clientes` (`nombre`, `direccion`, `telefono`, `email`, `activo`, `fecha_alta`, `fecha_edit`) VALUES (\'Jose\', \'Las Rozas, 21\', \'659795230\', \'joseraul@google.com\', NULL, \'2023-06-14 21:56:52\', \'2023-06-14 21:56:52\')', 0)
 2 SYSTEMPATH\Database\BaseConnection.php(692): CodeIgniter\Database\MySQLi\Connection->execute('INSERT INTO `clientes` (`nombre`, `direccion`, `telefono`, `email`, `activo`, `fecha_alta`, `fecha_edit`) VALUES (\'Jose\', \'Las Rozas, 21\', \'659795230\', \'joseraul@google.com\', NULL, \'2023-06-14 21:56:52\', \'2023-06-14 21:56:52\')')
 3 SYSTEMPATH\Database\BaseConnection.php(606): CodeIgniter\Database\BaseConnection->simpleQuery('INSERT INTO `clientes` (`nombre`, `direccion`, `telefono`, `email`, `activo`, `fecha_alta`, `fecha_edit`) VALUES (\'Jose\', \'Las Rozas, 21\', \'659795230\', \'joseraul@google.com\', NULL, \'2023-06-14 21:56:52\', \'2023-06-14 21:56:52\')')
 4 SYSTEMPATH\Database\BaseBuilder.php(2309): CodeIgniter\Database\BaseConnection->query('INSERT INTO `clientes` (`nombre`, `direccion`, `telefono`, `email`, `activo`, `fecha_alta`, `fecha_edit`) VALUES (:nombre:, :direccion:, :telefono:, :email:, :activo:, :fecha_alta:, :fecha_edit:)', [...], false)
 5 SYSTEMPATH\Model.php(330): CodeIgniter\Database\BaseBuilder->insert()
 6 SYSTEMPATH\BaseModel.php(782): CodeIgniter\Model->doInsert([...])
 7 SYSTEMPATH\Model.php(730): CodeIgniter\BaseModel->insert([...], false)
 8 SYSTEMPATH\BaseModel.php(692): CodeIgniter\Model->insert([...], false)
 9 APPPATH\Controllers\Clientes.php(50): CodeIgniter\BaseModel->save([...])
10 SYSTEMPATH\CodeIgniter.php(934): App\Controllers\Clientes->postInsertar()
11 SYSTEMPATH\CodeIgniter.php(499): CodeIgniter\CodeIgniter->runController(Object(App\Controllers\Clientes))
12 SYSTEMPATH\CodeIgniter.php(368): CodeIgniter\CodeIgniter->handleRequest(null, Object(Config\Cache), false)
13 FCPATH\index.php(67): CodeIgniter\CodeIgniter->run()
ERROR - 2023-06-14 21:57:21 --> mysqli_sql_exception: Column 'activo' cannot be null in C:\xampp\htdocs\pos\system\Database\MySQLi\Connection.php:295
Stack trace:
#0 C:\xampp\htdocs\pos\system\Database\MySQLi\Connection.php(295): mysqli->query('INSERT INTO `cl...', 0)
#1 C:\xampp\htdocs\pos\system\Database\BaseConnection.php(692): CodeIgniter\Database\MySQLi\Connection->execute('INSERT INTO `cl...')
#2 C:\xampp\htdocs\pos\system\Database\BaseConnection.php(606): CodeIgniter\Database\BaseConnection->simpleQuery('INSERT INTO `cl...')
#3 C:\xampp\htdocs\pos\system\Database\BaseBuilder.php(2309): CodeIgniter\Database\BaseConnection->query('INSERT INTO `cl...', Array, false)
#4 C:\xampp\htdocs\pos\system\Model.php(330): CodeIgniter\Database\BaseBuilder->insert()
#5 C:\xampp\htdocs\pos\system\BaseModel.php(782): CodeIgniter\Model->doInsert(Array)
#6 C:\xampp\htdocs\pos\system\Model.php(730): CodeIgniter\BaseModel->insert(Array, false)
#7 C:\xampp\htdocs\pos\system\BaseModel.php(692): CodeIgniter\Model->insert(Array, false)
#8 C:\xampp\htdocs\pos\app\Controllers\Clientes.php(50): CodeIgniter\BaseModel->save(Array)
#9 C:\xampp\htdocs\pos\system\CodeIgniter.php(934): App\Controllers\Clientes->postInsertar()
#10 C:\xampp\htdocs\pos\system\CodeIgniter.php(499): CodeIgniter\CodeIgniter->runController(Object(App\Controllers\Clientes))
#11 C:\xampp\htdocs\pos\system\CodeIgniter.php(368): CodeIgniter\CodeIgniter->handleRequest(NULL, Object(Config\Cache), false)
#12 C:\xampp\htdocs\pos\public\index.php(67): CodeIgniter\CodeIgniter->run()
#13 {main}
CRITICAL - 2023-06-14 21:57:21 --> Column 'activo' cannot be null
in SYSTEMPATH\Database\MySQLi\Connection.php on line 295.
 1 SYSTEMPATH\Database\MySQLi\Connection.php(295): mysqli->query('INSERT INTO `clientes` (`nombre`, `direccion`, `telefono`, `email`, `activo`, `fecha_alta`, `fecha_edit`) VALUES (\'Jose\', \'Las Rozas, 21\', \'659795230\', \'jaelespinosa1@gmail.com\', NULL, \'2023-06-14 21:57:21\', \'2023-06-14 21:57:21\')', 0)
 2 SYSTEMPATH\Database\BaseConnection.php(692): CodeIgniter\Database\MySQLi\Connection->execute('INSERT INTO `clientes` (`nombre`, `direccion`, `telefono`, `email`, `activo`, `fecha_alta`, `fecha_edit`) VALUES (\'Jose\', \'Las Rozas, 21\', \'659795230\', \'jaelespinosa1@gmail.com\', NULL, \'2023-06-14 21:57:21\', \'2023-06-14 21:57:21\')')
 3 SYSTEMPATH\Database\BaseConnection.php(606): CodeIgniter\Database\BaseConnection->simpleQuery('INSERT INTO `clientes` (`nombre`, `direccion`, `telefono`, `email`, `activo`, `fecha_alta`, `fecha_edit`) VALUES (\'Jose\', \'Las Rozas, 21\', \'659795230\', \'jaelespinosa1@gmail.com\', NULL, \'2023-06-14 21:57:21\', \'2023-06-14 21:57:21\')')
 4 SYSTEMPATH\Database\BaseBuilder.php(2309): CodeIgniter\Database\BaseConnection->query('INSERT INTO `clientes` (`nombre`, `direccion`, `telefono`, `email`, `activo`, `fecha_alta`, `fecha_edit`) VALUES (:nombre:, :direccion:, :telefono:, :email:, :activo:, :fecha_alta:, :fecha_edit:)', [...], false)
 5 SYSTEMPATH\Model.php(330): CodeIgniter\Database\BaseBuilder->insert()
 6 SYSTEMPATH\BaseModel.php(782): CodeIgniter\Model->doInsert([...])
 7 SYSTEMPATH\Model.php(730): CodeIgniter\BaseModel->insert([...], false)
 8 SYSTEMPATH\BaseModel.php(692): CodeIgniter\Model->insert([...], false)
 9 APPPATH\Controllers\Clientes.php(50): CodeIgniter\BaseModel->save([...])
10 SYSTEMPATH\CodeIgniter.php(934): App\Controllers\Clientes->postInsertar()
11 SYSTEMPATH\CodeIgniter.php(499): CodeIgniter\CodeIgniter->runController(Object(App\Controllers\Clientes))
12 SYSTEMPATH\CodeIgniter.php(368): CodeIgniter\CodeIgniter->handleRequest(null, Object(Config\Cache), false)
13 FCPATH\index.php(67): CodeIgniter\CodeIgniter->run()
CRITICAL - 2023-06-14 22:00:58 --> Undefined array key "id"
in APPPATH\Views\clientes\clientes.php on line 40.
 1 APPPATH\Views\clientes\clientes.php(40): CodeIgniter\Debug\Exceptions->errorHandler(2, 'Undefined array key "id"', 'C:\\xampp\\htdocs\\pos\\app\\Views\\clientes\\clientes.php', 40)
 2 SYSTEMPATH\View\View.php(213): include('C:\\xampp\\htdocs\\pos\\app\\Views\\clientes\\clientes.php')
 3 SYSTEMPATH\View\View.php(216): CodeIgniter\View\View->CodeIgniter\View\{closure}()
 4 SYSTEMPATH\Common.php(1184): CodeIgniter\View\View->render('clientes/clientes', [], true)
 5 APPPATH\Controllers\Clientes.php(31): view('clientes/clientes', [...])
 6 SYSTEMPATH\CodeIgniter.php(934): App\Controllers\Clientes->getIndex()
 7 SYSTEMPATH\CodeIgniter.php(499): CodeIgniter\CodeIgniter->runController(Object(App\Controllers\Clientes))
 8 SYSTEMPATH\CodeIgniter.php(368): CodeIgniter\CodeIgniter->handleRequest(null, Object(Config\Cache), false)
 9 FCPATH\index.php(67): CodeIgniter\CodeIgniter->run()
CRITICAL - 2023-06-14 22:02:23 --> Undefined array key "id"
in APPPATH\Views\clientes\clientes.php on line 45.
 1 APPPATH\Views\clientes\clientes.php(45): CodeIgniter\Debug\Exceptions->errorHandler(2, 'Undefined array key "id"', 'C:\\xampp\\htdocs\\pos\\app\\Views\\clientes\\clientes.php', 45)
 2 SYSTEMPATH\View\View.php(213): include('C:\\xampp\\htdocs\\pos\\app\\Views\\clientes\\clientes.php')
 3 SYSTEMPATH\View\View.php(216): CodeIgniter\View\View->CodeIgniter\View\{closure}()
 4 SYSTEMPATH\Common.php(1184): CodeIgniter\View\View->render('clientes/clientes', [], true)
 5 APPPATH\Controllers\Clientes.php(31): view('clientes/clientes', [...])
 6 SYSTEMPATH\CodeIgniter.php(934): App\Controllers\Clientes->getIndex()
 7 SYSTEMPATH\CodeIgniter.php(499): CodeIgniter\CodeIgniter->runController(Object(App\Controllers\Clientes))
 8 SYSTEMPATH\CodeIgniter.php(368): CodeIgniter\CodeIgniter->handleRequest(null, Object(Config\Cache), false)
 9 FCPATH\index.php(67): CodeIgniter\CodeIgniter->run()
CRITICAL - 2023-06-14 22:02:39 --> Undefined array key "id"
in APPPATH\Views\clientes\clientes.php on line 47.
 1 APPPATH\Views\clientes\clientes.php(47): CodeIgniter\Debug\Exceptions->errorHandler(2, 'Undefined array key "id"', 'C:\\xampp\\htdocs\\pos\\app\\Views\\clientes\\clientes.php', 47)
 2 SYSTEMPATH\View\View.php(213): include('C:\\xampp\\htdocs\\pos\\app\\Views\\clientes\\clientes.php')
 3 SYSTEMPATH\View\View.php(216): CodeIgniter\View\View->CodeIgniter\View\{closure}()
 4 SYSTEMPATH\Common.php(1184): CodeIgniter\View\View->render('clientes/clientes', [], true)
 5 APPPATH\Controllers\Clientes.php(31): view('clientes/clientes', [...])
 6 SYSTEMPATH\CodeIgniter.php(934): App\Controllers\Clientes->getIndex()
 7 SYSTEMPATH\CodeIgniter.php(499): CodeIgniter\CodeIgniter->runController(Object(App\Controllers\Clientes))
 8 SYSTEMPATH\CodeIgniter.php(368): CodeIgniter\CodeIgniter->handleRequest(null, Object(Config\Cache), false)
 9 FCPATH\index.php(67): CodeIgniter\CodeIgniter->run()
CRITICAL - 2023-06-14 22:05:51 --> Undefined array key "id"
in APPPATH\Views\clientes\clientes.php on line 47.
 1 APPPATH\Views\clientes\clientes.php(47): CodeIgniter\Debug\Exceptions->errorHandler(2, 'Undefined array key "id"', 'C:\\xampp\\htdocs\\pos\\app\\Views\\clientes\\clientes.php', 47)
 2 SYSTEMPATH\View\View.php(213): include('C:\\xampp\\htdocs\\pos\\app\\Views\\clientes\\clientes.php')
 3 SYSTEMPATH\View\View.php(216): CodeIgniter\View\View->CodeIgniter\View\{closure}()
 4 SYSTEMPATH\Common.php(1184): CodeIgniter\View\View->render('clientes/clientes', [], true)
 5 APPPATH\Controllers\Clientes.php(31): view('clientes/clientes', [...])
 6 SYSTEMPATH\CodeIgniter.php(934): App\Controllers\Clientes->getIndex()
 7 SYSTEMPATH\CodeIgniter.php(499): CodeIgniter\CodeIgniter->runController(Object(App\Controllers\Clientes))
 8 SYSTEMPATH\CodeIgniter.php(368): CodeIgniter\CodeIgniter->handleRequest(null, Object(Config\Cache), false)
 9 FCPATH\index.php(67): CodeIgniter\CodeIgniter->run()
CRITICAL - 2023-06-14 22:11:05 --> Undefined array key "codigo"
in APPPATH\Views\clientes\editar.php on line 16.
 1 APPPATH\Views\clientes\editar.php(16): CodeIgniter\Debug\Exceptions->errorHandler(2, 'Undefined array key "codigo"', 'C:\\xampp\\htdocs\\pos\\app\\Views\\clientes\\editar.php', 16)
 2 SYSTEMPATH\View\View.php(213): include('C:\\xampp\\htdocs\\pos\\app\\Views\\clientes\\editar.php')
 3 SYSTEMPATH\View\View.php(216): CodeIgniter\View\View->CodeIgniter\View\{closure}()
 4 SYSTEMPATH\Common.php(1184): CodeIgniter\View\View->render('clientes/editar', [], true)
 5 APPPATH\Controllers\Clientes.php(80): view('clientes/editar', [...])
 6 SYSTEMPATH\CodeIgniter.php(934): App\Controllers\Clientes->getEditar('1')
 7 SYSTEMPATH\CodeIgniter.php(499): CodeIgniter\CodeIgniter->runController(Object(App\Controllers\Clientes))
 8 SYSTEMPATH\CodeIgniter.php(368): CodeIgniter\CodeIgniter->handleRequest(null, Object(Config\Cache), false)
 9 FCPATH\index.php(67): CodeIgniter\CodeIgniter->run()
CRITICAL - 2023-06-14 22:11:27 --> Undefined array key "codigo"
in APPPATH\Views\clientes\eliminados.php on line 40.
 1 APPPATH\Views\clientes\eliminados.php(40): CodeIgniter\Debug\Exceptions->errorHandler(2, 'Undefined array key "codigo"', 'C:\\xampp\\htdocs\\pos\\app\\Views\\clientes\\eliminados.php', 40)
 2 SYSTEMPATH\View\View.php(213): include('C:\\xampp\\htdocs\\pos\\app\\Views\\clientes\\eliminados.php')
 3 SYSTEMPATH\View\View.php(216): CodeIgniter\View\View->CodeIgniter\View\{closure}()
 4 SYSTEMPATH\Common.php(1184): CodeIgniter\View\View->render('clientes/eliminados', [], true)
 5 APPPATH\Controllers\Clientes.php(118): view('clientes/eliminados', [...])
 6 SYSTEMPATH\CodeIgniter.php(934): App\Controllers\Clientes->getEliminados()
 7 SYSTEMPATH\CodeIgniter.php(499): CodeIgniter\CodeIgniter->runController(Object(App\Controllers\Clientes))
 8 SYSTEMPATH\CodeIgniter.php(368): CodeIgniter\CodeIgniter->handleRequest(null, Object(Config\Cache), false)
 9 FCPATH\index.php(67): CodeIgniter\CodeIgniter->run()
